<?xml version="1.0" encoding="UTF-8"?>
<testsuite name="com.bestbuy.productinfo.ProductCURDtestWithSteps" time="0.013" tests="4" errors="4" skipped="0" failures="0">
  <properties>
[...]
</properties>
  <testcase name="test001" classname="com.bestbuy.productinfo.ProductCURDtestWithSteps" time="0.008">
    <error type="java.lang.NullPointerException:">java.lang.NullPointerException: null
	at com.bestbuy.productinfo.ProductCURDtestWithSteps.test001(ProductCURDtestWithSteps.java:36)
</error>
    <system-err><![CDATA[6015 [main] INFO net.serenitybdd.core.Serenity - 
        __    _____ _____ ____ _____   ____   _    ____  ____  _____ ____  
  _     \ \  |_   _| ____/ ___|_   _| |  _ \ / \  / ___|/ ___|| ____|  _ \ 
 (_)_____| |   | | |  _| \___ \ | |   | |_) / _ \ \___ \\___ \|  _| | | | |
  _|_____| |   | | | |___ ___) || |   |  __/ ___ \ ___) |___) | |___| |_| |
 (_)     | |   |_| |_____|____/ |_|   |_| /_/   \_\____/|____/|_____|____/ 
        /_/                                                                

TEST PASSED: Delete the category and verify if the category is deleted!
----------------------------------------------------------------------------
6144 [pool-1-thread-2] INFO net.thucydides.core.reports.json.JSONTestOutcomeReporter - Generating JSON report for Verify if the category was created to file C:\Users\kgoth\IdeaProjects\week18-bestbuy.com-serenity\target\site\serenity\191e480ec083fe0b387dbab38d7444f3d8a16751767cfeb5b00da0f7d2aec381.json (using temp file C:\Users\kgoth\IdeaProjects\week18-bestbuy.com-serenity\target\site\serenity\191e480ec083fe0b387dbab38d7444f3d8a16751767cfeb5b00da0f7d2aec381.json5335b8a8-48ae-46d5-8ca9-cd34745ecb93)
6144 [pool-1-thread-3] INFO net.thucydides.core.reports.json.JSONTestOutcomeReporter - Generating JSON report for Update the category information and verify the updated information to file C:\Users\kgoth\IdeaProjects\week18-bestbuy.com-serenity\target\site\serenity\682493ffb03d7b450d66f45c6d3a1aed4554c1b4f1fc4f2c488695e6ef50adc9.json (using temp file C:\Users\kgoth\IdeaProjects\week18-bestbuy.com-serenity\target\site\serenity\682493ffb03d7b450d66f45c6d3a1aed4554c1b4f1fc4f2c488695e6ef50adc9.jsonf294bb76-5ab2-4418-919d-748a24246fd4)
6145 [pool-1-thread-1] INFO net.thucydides.core.reports.json.JSONTestOutcomeReporter - Generating JSON report for This will create a new category to file C:\Users\kgoth\IdeaProjects\week18-bestbuy.com-serenity\target\site\serenity\74dc510d4b4143cd045e0dc4ff8a0a462c5b7b0780296ecfc97fb37e7b63b5e3.json (using temp file C:\Users\kgoth\IdeaProjects\week18-bestbuy.com-serenity\target\site\serenity\74dc510d4b4143cd045e0dc4ff8a0a462c5b7b0780296ecfc97fb37e7b63b5e3.json48130806-3c66-4d6b-8800-169f42c819ca)
6145 [pool-1-thread-4] INFO net.thucydides.core.reports.json.JSONTestOutcomeReporter - Generating JSON report for Delete the category and verify if the category is deleted! to file C:\Users\kgoth\IdeaProjects\week18-bestbuy.com-serenity\target\site\serenity\de8f4a87d9b592bab2181fcaaf99fa1b8890e4a3ee13d68428082f315dc92ea9.json (using temp file C:\Users\kgoth\IdeaProjects\week18-bestbuy.com-serenity\target\site\serenity\de8f4a87d9b592bab2181fcaaf99fa1b8890e4a3ee13d68428082f315dc92ea9.json4c4c2290-8216-49a5-b02b-003d046b4d9a)
6424 [pool-2-thread-4] INFO net.thucydides.core.reports.html.HtmlAcceptanceTestReporter - GENERATING HTML REPORT FOR Categories CURD test with steps:test04 in de8f4a87d9b592bab2181fcaaf99fa1b8890e4a3ee13d68428082f315dc92ea9.html in directory target\site\serenity  
6424 [pool-2-thread-2] INFO net.thucydides.core.reports.html.HtmlAcceptanceTestReporter - GENERATING HTML REPORT FOR Categories CURD test with steps:test02 in 191e480ec083fe0b387dbab38d7444f3d8a16751767cfeb5b00da0f7d2aec381.html in directory target\site\serenity  
6424 [pool-2-thread-3] INFO net.thucydides.core.reports.html.HtmlAcceptanceTestReporter - GENERATING HTML REPORT FOR Categories CURD test with steps:test03 in 682493ffb03d7b450d66f45c6d3a1aed4554c1b4f1fc4f2c488695e6ef50adc9.html in directory target\site\serenity  
6424 [pool-2-thread-1] INFO net.thucydides.core.reports.html.HtmlAcceptanceTestReporter - GENERATING HTML REPORT FOR Categories CURD test with steps:test01 in 74dc510d4b4143cd045e0dc4ff8a0a462c5b7b0780296ecfc97fb37e7b63b5e3.html in directory target\site\serenity  
]]></system-err>
  </testcase>
  <testcase name="test002" classname="com.bestbuy.productinfo.ProductCURDtestWithSteps" time="0.001">
    <error type="java.lang.NullPointerException:">java.lang.NullPointerException: null
	at com.bestbuy.productinfo.ProductCURDtestWithSteps.test002(ProductCURDtestWithSteps.java:43)
</error>
  </testcase>
  <testcase name="test003" classname="com.bestbuy.productinfo.ProductCURDtestWithSteps" time="0">
    <error type="java.lang.NullPointerException:">java.lang.NullPointerException: null
	at com.bestbuy.productinfo.ProductCURDtestWithSteps.test003(ProductCURDtestWithSteps.java:63)
</error>
  </testcase>
  <testcase name="test004" classname="com.bestbuy.productinfo.ProductCURDtestWithSteps" time="0.004">
    <error type="java.lang.NullPointerException:">java.lang.NullPointerException: null
	at com.bestbuy.productinfo.ProductCURDtestWithSteps.test004(ProductCURDtestWithSteps.java:71)
</error>
  </testcase>
</testsuite>