<?xml version="1.0" encoding="UTF-8"?>
<testsuite name="com.bestbuy.utilitiesinfo.UtilitiesCURDtestWithSteps" time="0" tests="2" errors="2" skipped="0" failures="0">
  <properties>
[...]
</properties>
  <testcase name="test001" classname="com.bestbuy.utilitiesinfo.UtilitiesCURDtestWithSteps" time="0">
    <error type="java.lang.NullPointerException:">java.lang.NullPointerException: null
	at com.bestbuy.utilitiesinfo.UtilitiesCURDtestWithSteps.test001(UtilitiesCURDtestWithSteps.java:20)
</error>
    <system-err><![CDATA[8017 [main] ERROR net.serenitybdd.core.Serenity - 
           __  _____ _____ ____ _____   _____ _    ___ _     _____ ____  
  _       / / |_   _| ____/ ___|_   _| |  ___/ \  |_ _| |   | ____|  _ \ 
 (_)_____| |    | | |  _| \___ \ | |   | |_ / _ \  | || |   |  _| | | | |
  _|_____| |    | | | |___ ___) || |   |  _/ ___ \ | || |___| |___| |_| |
 (_)     | |    |_| |_____|____/ |_|   |_|/_/   \_\___|_____|_____|____/ 
          \_\                                                            

TEST FAILED: Delete the service and verify if the service is deleted!
--------------------------------------------------------------------------
8018 [main] ERROR net.serenitybdd.core.Serenity - 1 expectation failed.Expected status code <200> but was <404>.
8022 [pool-3-thread-3] INFO net.thucydides.core.reports.json.JSONTestOutcomeReporter - Generating JSON report for Update the service information and verify the updated information to file C:\Users\kgoth\IdeaProjects\week18-bestbuy.com-serenity\target\site\serenity\3182eb1c337d39604d692257f90d524825416c6f1be5cdf9dc23fcdda2621ef2.json (using temp file C:\Users\kgoth\IdeaProjects\week18-bestbuy.com-serenity\target\site\serenity\3182eb1c337d39604d692257f90d524825416c6f1be5cdf9dc23fcdda2621ef2.json0fbe299a-308b-4df1-8092-231e50a2d983)
8023 [pool-3-thread-4] INFO net.thucydides.core.reports.json.JSONTestOutcomeReporter - Generating JSON report for Delete the service and verify if the service is deleted! to file C:\Users\kgoth\IdeaProjects\week18-bestbuy.com-serenity\target\site\serenity\9ee988d5a9cd12e84072bf25518f23f0e08374434d9c3c9111abfe7ca55046be.json (using temp file C:\Users\kgoth\IdeaProjects\week18-bestbuy.com-serenity\target\site\serenity\9ee988d5a9cd12e84072bf25518f23f0e08374434d9c3c9111abfe7ca55046be.jsonf741fa6a-fc9f-4b07-aa1c-cfac562ba7c3)
8023 [pool-3-thread-2] INFO net.thucydides.core.reports.json.JSONTestOutcomeReporter - Generating JSON report for Verify if the service was added to file C:\Users\kgoth\IdeaProjects\week18-bestbuy.com-serenity\target\site\serenity\093077d06b346e81360bc3477ade59156129ea381a0cd7c21049f37fc59e3539.json (using temp file C:\Users\kgoth\IdeaProjects\week18-bestbuy.com-serenity\target\site\serenity\093077d06b346e81360bc3477ade59156129ea381a0cd7c21049f37fc59e3539.jsonaa2e6fc5-e297-4f7e-af30-5e8d6de10b37)
8024 [pool-3-thread-1] INFO net.thucydides.core.reports.json.JSONTestOutcomeReporter - Generating JSON report for This will create a new service to file C:\Users\kgoth\IdeaProjects\week18-bestbuy.com-serenity\target\site\serenity\d969bca9e188b7744914a467e12afa9d8590dcd2d03cc66c479c6f094b5b5424.json (using temp file C:\Users\kgoth\IdeaProjects\week18-bestbuy.com-serenity\target\site\serenity\d969bca9e188b7744914a467e12afa9d8590dcd2d03cc66c479c6f094b5b5424.json2e30a814-4fae-4c4b-ab52-d3262ae53d10)
8061 [pool-4-thread-2] INFO net.thucydides.core.reports.html.HtmlAcceptanceTestReporter - GENERATING HTML REPORT FOR Services CUR dtest with steps:test002 in 093077d06b346e81360bc3477ade59156129ea381a0cd7c21049f37fc59e3539.html in directory target\site\serenity  
8063 [pool-4-thread-3] INFO net.thucydides.core.reports.html.HtmlAcceptanceTestReporter - GENERATING HTML REPORT FOR Services CUR dtest with steps:test003 in 3182eb1c337d39604d692257f90d524825416c6f1be5cdf9dc23fcdda2621ef2.html in directory target\site\serenity  
8063 [pool-4-thread-1] INFO net.thucydides.core.reports.html.HtmlAcceptanceTestReporter - GENERATING HTML REPORT FOR Services CUR dtest with steps:test001 in d969bca9e188b7744914a467e12afa9d8590dcd2d03cc66c479c6f094b5b5424.html in directory target\site\serenity  
8065 [pool-4-thread-4] INFO net.thucydides.core.reports.html.HtmlAcceptanceTestReporter - GENERATING HTML REPORT FOR Services CUR dtest with steps:test004 in 9ee988d5a9cd12e84072bf25518f23f0e08374434d9c3c9111abfe7ca55046be.html in directory target\site\serenity  
]]></system-err>
  </testcase>
  <testcase name="test002" classname="com.bestbuy.utilitiesinfo.UtilitiesCURDtestWithSteps" time="0">
    <error type="java.lang.NullPointerException:">java.lang.NullPointerException: null
	at com.bestbuy.utilitiesinfo.UtilitiesCURDtestWithSteps.test002(UtilitiesCURDtestWithSteps.java:27)
</error>
  </testcase>
</testsuite>